
Collecting usage statistics. To deactivate, set browser.gatherUsageStats to false.


  You can now view your Streamlit app in your browser.

  Local URL: http://localhost:8501
  Network URL: http://10.0.1.200:8501
  External URL: http://20.61.126.210:8501

2025-09-19 10:34:50.378 Thread 'Thread-5 (_run_init_and_write_status)': missing ScriptRunContext! This warning can be ignored when running in bare mode.
2025-09-19 10:34:50.378 Thread 'Thread-5 (_run_init_and_write_status)': missing ScriptRunContext! This warning can be ignored when running in bare mode.
2025-09-19 10:34:50.379 Thread 'Thread-5 (_run_init_and_write_status)': missing ScriptRunContext! This warning can be ignored when running in bare mode.
2025-09-19 10:34:50.380 Thread 'Thread-5 (_run_init_and_write_status)': missing ScriptRunContext! This warning can be ignored when running in bare mode.
2025-09-19 10:34:50.380 Thread 'ThreadPoolExecutor-1_0': missing ScriptRunContext! This warning can be ignored when running in bare mode.
2025-09-19 10:34:50.381 Thread 'ThreadPoolExecutor-1_0': missing ScriptRunContext! This warning can be ignored when running in bare mode.
2025-09-19 10:34:50.381 Thread 'ThreadPoolExecutor-1_0': missing ScriptRunContext! This warning can be ignored when running in bare mode.
2025-09-19 10:34:50.381 Thread 'ThreadPoolExecutor-1_0': missing ScriptRunContext! This warning can be ignored when running in bare mode.
2025-09-19 10:34:50.382 Thread 'ThreadPoolExecutor-1_0': missing ScriptRunContext! This warning can be ignored when running in bare mode.
2025-09-19 10:34:50.382 Thread 'ThreadPoolExecutor-1_0': missing ScriptRunContext! This warning can be ignored when running in bare mode.
2025-09-19 10:34:50.383 Thread 'ThreadPoolExecutor-1_0': missing ScriptRunContext! This warning can be ignored when running in bare mode.
2025-09-19 10:34:50.880 Thread 'Thread-6': missing ScriptRunContext! This warning can be ignored when running in bare mode.
2025-09-19 10:34:50.881 Thread 'Thread-6': missing ScriptRunContext! This warning can be ignored when running in bare mode.
2025-09-19 10:34:50.881 Thread 'Thread-6': missing ScriptRunContext! This warning can be ignored when running in bare mode.
2025-09-19 10:35:50.511 Thread 'ThreadPoolExecutor-1_0': missing ScriptRunContext! This warning can be ignored when running in bare mode.
2025-09-19 10:35:50.511 Thread 'ThreadPoolExecutor-1_0': missing ScriptRunContext! This warning can be ignored when running in bare mode.
2025-09-19 10:35:50.511 Thread 'ThreadPoolExecutor-1_0': missing ScriptRunContext! This warning can be ignored when running in bare mode.
2025-09-19 10:35:50.511 Thread 'ThreadPoolExecutor-1_0': missing ScriptRunContext! This warning can be ignored when running in bare mode.
2025-09-19 10:35:50.512 Thread 'ThreadPoolExecutor-1_0': missing ScriptRunContext! This warning can be ignored when running in bare mode.
2025-09-19 10:35:50.512 Thread 'ThreadPoolExecutor-1_0': missing ScriptRunContext! This warning can be ignored when running in bare mode.
2025-09-19 10:35:50.513 Thread 'ThreadPoolExecutor-1_0': missing ScriptRunContext! This warning can be ignored when running in bare mode.
2025-09-19 10:37:21.894 Thread 'Thread-5 (_run_init_and_write_status)': missing ScriptRunContext! This warning can be ignored when running in bare mode.
2025-09-19 10:37:21.894 Thread 'Thread-5 (_run_init_and_write_status)': missing ScriptRunContext! This warning can be ignored when running in bare mode.
2025-09-19 10:37:21.895 Thread 'Thread-5 (_run_init_and_write_status)': missing ScriptRunContext! This warning can be ignored when running in bare mode.
